<?xml version="1.0" encoding="UTF-8"?>
<!-- Generated by org.testng.reporters.JUnitReportReporter -->
<testsuite hostname="DESKTOP-S49HO28" failures="0" tests="1" name="deleteatests.BaseClass" time="7.394" errors="0" timestamp="2022-09-29T12:49:12 IST" skipped="0">
  <testcase classname="deleteatests.BaseClass" name="test" time="7.394"/>
  <system-out/>
</testsuite> <!-- deleteatests.BaseClass -->
