<?xml version="1.0" encoding="UTF-8"?>
<!-- Generated by org.testng.reporters.JUnitReportReporter -->
<testsuite hostname="DESKTOP-S49HO28" failures="0" tests="2" name="deleteatests.Googlelandingpage" time="3.526" errors="0" timestamp="2022-09-29T17:00:37 IST" skipped="0">
  <testcase classname="deleteatests.Googlelandingpage" name="entername" time="3.521"/>
  <system-out/>
  <testcase classname="deleteatests.Googlelandingpage" name="seletingelement" time="0.005"/>
  <system-out/>
</testsuite> <!-- deleteatests.Googlelandingpage -->
